<?xml version="1.0" encoding="UTF-8"?>
<testng-results ignored="0" total="1" passed="1" failed="0" skipped="0">
  <reporter-output>
  </reporter-output>
  <suite started-at="2019-10-19T20:50:50Z" name="monkey" finished-at="2019-10-19T20:51:22Z" duration-ms="32029">
    <groups>
    </groups>
    <test started-at="2019-10-19T20:50:50Z" name="monkey Test1" finished-at="2019-10-19T20:51:22Z" duration-ms="32029">
      <class name="com.monkey.testCases.TC_MON_06">
        <test-method is-config="true" signature="setup(java.lang.String)[pri:0, instance:com.monkey.testCases.TC_MON_06@2f490758]" started-at="2019-10-19T20:50:50Z" name="setup" finished-at="2019-10-19T20:51:08Z" duration-ms="17438" status="PASS">
          <params>
            <param index="0">
              <value>
                <![CDATA[chrome]]>
              </value>
            </param>
          </params>
          <reporter-output>
          </reporter-output>
        </test-method> <!-- setup -->
        <test-method signature="dates(java.lang.String)[pri:0, instance:com.monkey.testCases.TC_MON_06@2f490758]" started-at="2019-10-19T20:51:13Z" name="dates" data-provider="DateData" finished-at="2019-10-19T20:51:20Z" duration-ms="7544" status="PASS">
          <params>
            <param index="0">
              <value>
                <![CDATA[]]>
              </value>
            </param>
          </params>
          <reporter-output>
          </reporter-output>
        </test-method> <!-- dates -->
        <test-method is-config="true" signature="tearDown(org.testng.ITestResult)[pri:0, instance:com.monkey.testCases.TC_MON_06@2f490758]" started-at="2019-10-19T20:51:20Z" name="tearDown" finished-at="2019-10-19T20:51:20Z" duration-ms="1" status="PASS">
          <params>
            <param index="0">
              <value>
                <![CDATA[[TestResult name=dates status=SUCCESS method=TC_MON_06.dates(java.lang.String)[pri:0, instance:com.monkey.testCases.TC_MON_06@2f490758] output={null}]]]>
              </value>
            </param>
          </params>
          <reporter-output>
          </reporter-output>
        </test-method> <!-- tearDown -->
        <test-method is-config="true" signature="tearDown()[pri:0, instance:com.monkey.testCases.TC_MON_06@2f490758]" started-at="2019-10-19T20:51:20Z" name="tearDown" finished-at="2019-10-19T20:51:22Z" duration-ms="1303" status="PASS">
          <reporter-output>
          </reporter-output>
        </test-method> <!-- tearDown -->
      </class> <!-- com.monkey.testCases.TC_MON_06 -->
    </test> <!-- monkey Test1 -->
  </suite> <!-- monkey -->
</testng-results>
